[    0.000000] Linux version 4.15.0-191-generic (buildd@lcy02-amd64-032) (gcc version 7.5.0 (Ubuntu 7.5.0-3ubuntu1~18.04)) #202-Ubuntu SMP Thu Aug 4 01:49:29 UTC 2022 (Ubuntu 4.15.0-191.202-generic 4.15.18)
[    0.000000] Command line: BOOT_IMAGE=/boot/vmlinuz-4.15.0-191-generic root=LABEL=cloudimg-rootfs ro console=tty1 console=ttyS0
[    0.000000] KERNEL supported cpus:
[    0.000000]   Intel GenuineIntel
[    0.000000]   AMD AuthenticAMD
[    0.000000]   Centaur CentaurHauls
[    0.000000] x86/fpu: Supporting XSAVE feature 0x001: 'x87 floating point registers'
[    0.000000] x86/fpu: Supporting XSAVE feature 0x002: 'SSE registers'
[    0.000000] x86/fpu: Supporting XSAVE feature 0x004: 'AVX registers'
[    0.000000] x86/fpu: xstate_offset[2]:  576, xstate_sizes[2]:  256
[    0.000000] x86/fpu: Enabled xstate features 0x7, context size is 832 bytes, using 'standard' format.
[    0.000000] e820: BIOS-provided physical RAM map:
[    0.000000] BIOS-e820: [mem 0x0000000000000000-0x000000000009fbff] usable
[    0.000000] BIOS-e820: [mem 0x000000000009fc00-0x000000000009ffff] reserved
[    0.000000] BIOS-e820: [mem 0x00000000000f0000-0x00000000000fffff] reserved
[    0.000000] BIOS-e820: [mem 0x0000000000100000-0x000000007ffeffff] usable
[    0.000000] BIOS-e820: [mem 0x000000007fff0000-0x000000007fffffff] ACPI data
[    0.000000] BIOS-e820: [mem 0x00000000fec00000-0x00000000fec00fff] reserved
[    0.000000] BIOS-e820: [mem 0x00000000fee00000-0x00000000fee00fff] reserved
[    0.000000] BIOS-e820: [mem 0x00000000fffc0000-0x00000000ffffffff] reserved
[    0.000000] NX (Execute Disable) protection: active
[    0.000000] SMBIOS 2.5 present.
[    0.000000] DMI: innotek GmbH VirtualBox/VirtualBox, BIOS VirtualBox 12/01/2006
[    0.000000] Hypervisor detected: KVM
[    0.000000] e820: last_pfn = 0x7fff0 max_arch_pfn = 0x400000000
[    0.000000] MTRR: Disabled
[    0.000000] x86/PAT: MTRRs disabled, skipping PAT initialization too.
[    0.000000] CPU MTRRs all blank - virtualized system.
[    0.000000] x86/PAT: Configuration [0-7]: WB  WT  UC- UC  WB  WT  UC- UC  
[    0.000000] found SMP MP-table at [mem 0x0009fff0-0x0009ffff]
[    0.000000] Scanning 1 areas for low memory corruption
[    0.000000] RAMDISK: [mem 0x359cb000-0x36cdcfff]
[    0.000000] ACPI: Early table checksum verification disabled
[    0.000000] ACPI: RSDP 0x00000000000E0000 000024 (v02 VBOX  )
[    0.000000] ACPI: XSDT 0x000000007FFF0030 00003C (v01 VBOX   VBOXXSDT 00000001 ASL  00000061)
[    0.000000] ACPI: FACP 0x000000007FFF00F0 0000F4 (v04 VBOX   VBOXFACP 00000001 ASL  00000061)
[    0.000000] ACPI: DSDT 0x000000007FFF0470 002325 (v02 VBOX   VBOXBIOS 00000002 INTL 20210604)
[    0.000000] ACPI: FACS 0x000000007FFF0200 000040
[    0.000000] ACPI: FACS 0x000000007FFF0200 000040
[    0.000000] ACPI: APIC 0x000000007FFF0240 00005C (v02 VBOX   VBOXAPIC 00000001 ASL  00000061)
[    0.000000] ACPI: SSDT 0x000000007FFF02A0 0001CC (v01 VBOX   VBOXCPUT 00000002 INTL 20210604)
[    0.000000] ACPI: Reserving FACP table memory at [mem 0x7fff00f0-0x7fff01e3]
[    0.000000] ACPI: Reserving DSDT table memory at [mem 0x7fff0470-0x7fff2794]
[    0.000000] ACPI: Reserving FACS table memory at [mem 0x7fff0200-0x7fff023f]
[    0.000000] ACPI: Reserving FACS table memory at [mem 0x7fff0200-0x7fff023f]
[    0.000000] ACPI: Reserving APIC table memory at [mem 0x7fff0240-0x7fff029b]
[    0.000000] ACPI: Reserving SSDT table memory at [mem 0x7fff02a0-0x7fff046b]
[    0.000000] No NUMA configuration found
[    0.000000] Faking a node at [mem 0x0000000000000000-0x000000007ffeffff]
[    0.000000] NODE_DATA(0) allocated [mem 0x7ffc5000-0x7ffeffff]
[    0.000000] kvm-clock: cpu 0, msr 0:7ff44001, primary cpu clock
[    0.000000] kvm-clock: Using msrs 4b564d01 and 4b564d00
[    0.000000] kvm-clock: using sched offset of 3065386817 cycles
[    0.000000] clocksource: kvm-clock: mask: 0xffffffffffffffff max_cycles: 0x1cd42e4dffb, max_idle_ns: 881590591483 ns
[    0.000000] Zone ranges:
[    0.000000]   DMA      [mem 0x0000000000001000-0x0000000000ffffff]
[    0.000000]   DMA32    [mem 0x0000000001000000-0x000000007ffeffff]
[    0.000000]   Normal   empty
[    0.000000]   Device   empty
[    0.000000] Movable zone start for each node
[    0.000000] Early memory node ranges
[    0.000000]   node   0: [mem 0x0000000000001000-0x000000000009efff]
[    0.000000]   node   0: [mem 0x0000000000100000-0x000000007ffeffff]
[    0.000000] Reserved but unavailable: 104 pages
[    0.000000] Initmem setup node 0 [mem 0x0000000000001000-0x000000007ffeffff]
[    0.000000] ACPI: PM-Timer IO Port: 0x4008
[    0.000000] IOAPIC[0]: apic_id 2, version 32, address 0xfec00000, GSI 0-23
[    0.000000] ACPI: INT_SRC_OVR (bus 0 bus_irq 0 global_irq 2 dfl dfl)
[    0.000000] ACPI: INT_SRC_OVR (bus 0 bus_irq 9 global_irq 9 low level)
[    0.000000] Using ACPI (MADT) for SMP configuration information
[    0.000000] smpboot: Allowing 2 CPUs, 0 hotplug CPUs
[    0.000000] PM: Registered nosave memory: [mem 0x00000000-0x00000fff]
[    0.000000] PM: Registered nosave memory: [mem 0x0009f000-0x0009ffff]
[    0.000000] PM: Registered nosave memory: [mem 0x000a0000-0x000effff]
[    0.000000] PM: Registered nosave memory: [mem 0x000f0000-0x000fffff]
[    0.000000] e820: [mem 0x80000000-0xfebfffff] available for PCI devices
[    0.000000] Booting paravirtualized kernel on KVM
[    0.000000] clocksource: refined-jiffies: mask: 0xffffffff max_cycles: 0xffffffff, max_idle_ns: 7645519600211568 ns
[    0.000000] random: get_random_bytes called from start_kernel+0x99/0x500 with crng_init=0
[    0.000000] setup_percpu: NR_CPUS:8192 nr_cpumask_bits:2 nr_cpu_ids:2 nr_node_ids:1
[    0.000000] percpu: Embedded 50 pages/cpu s167936 r8192 d28672 u1048576
[    0.000000] PV qspinlock hash table entries: 256 (order: 0, 4096 bytes)
[    0.000000] Built 1 zonelists, mobility grouping on.  Total pages: 515961
[    0.000000] Policy zone: DMA32
[    0.000000] Kernel command line: BOOT_IMAGE=/boot/vmlinuz-4.15.0-191-generic root=LABEL=cloudimg-rootfs ro console=tty1 console=ttyS0
[    0.000000] Memory: 2014840K/2096696K available (12300K kernel code, 2484K rwdata, 4324K rodata, 2468K init, 2724K bss, 81856K reserved, 0K cma-reserved)
[    0.000000] SLUB: HWalign=64, Order=0-3, MinObjects=0, CPUs=2, Nodes=1
[    0.000000] Kernel/User page tables isolation: enabled
[    0.000000] ftrace: allocating 39485 entries in 155 pages
[    0.004000] Hierarchical RCU implementation.
[    0.004000] 	RCU restricting CPUs from NR_CPUS=8192 to nr_cpu_ids=2.
[    0.004000] 	Tasks RCU enabled.
[    0.004000] RCU: Adjusting geometry for rcu_fanout_leaf=16, nr_cpu_ids=2
[    0.004000] NR_IRQS: 524544, nr_irqs: 440, preallocated irqs: 16
[    0.004000] Console: colour VGA+ 80x25
[    0.004000] console [tty1] enabled
[    0.004000] console [ttyS0] enabled
[    0.004000] ACPI: Core revision 20170831
[    0.004000] ACPI: 2 ACPI AML tables successfully acquired and loaded
[    0.004000] APIC: Switch to symmetric I/O mode setup
[    0.004000] x2apic enabled
[    0.004000] Switched APIC routing to physical x2apic.
[    0.004000] ..TIMER: vector=0x30 apic1=0 pin1=2 apic2=-1 pin2=-1
[    0.004000] tsc: Detected 2904.030 MHz processor
[    0.004000] Calibrating delay loop (skipped) preset value.. 5808.06 BogoMIPS (lpj=11616120)
[    0.004005] pid_max: default: 32768 minimum: 301
[    0.004479] Security Framework initialized
[    0.004886] Yama: becoming mindful.
[    0.005249] AppArmor: AppArmor initialized
[    0.006135] Dentry cache hash table entries: 262144 (order: 9, 2097152 bytes)
[    0.007189] Inode-cache hash table entries: 131072 (order: 8, 1048576 bytes)
[    0.008009] Mount-cache hash table entries: 4096 (order: 3, 32768 bytes)
[    0.008623] Mountpoint-cache hash table entries: 4096 (order: 3, 32768 bytes)
[    0.009449] Last level iTLB entries: 4KB 0, 2MB 0, 4MB 0
[    0.009988] Last level dTLB entries: 4KB 0, 2MB 0, 4MB 0, 1GB 0
[    0.010539] Spectre V1 : Mitigation: usercopy/swapgs barriers and __user pointer sanitization
[    0.011351] Spectre V2 : Mitigation: Retpolines
[    0.012001] Spectre V2 : Spectre v2 / SpectreRSB mitigation: Filling RSB on context switch
[    0.012785] Speculative Store Bypass: Vulnerable
[    0.013310] MDS: Mitigation: Clear CPU buffers
[    0.013741] MMIO Stale Data: Mitigation: Clear CPU buffers
[    0.014348] Freeing SMP alternatives memory: 36K
[    0.124534] smpboot: CPU0: Intel(R) Xeon(R) W-1370 @ 2.90GHz (family: 0x6, model: 0xa7, stepping: 0x1)
[    0.125482] Performance Events: unsupported p6 CPU model 167 no PMU driver, software events only.
[    0.126361] Hierarchical SRCU implementation.
[    0.127180] NMI watchdog: Perf event create on CPU 0 failed with -2
[    0.127757] NMI watchdog: Perf NMI watchdog permanently disabled
[    0.128000] smp: Bringing up secondary CPUs ...
[    0.128047] x86: Booting SMP configuration:
[    0.128450] .... node  #0, CPUs:      #1
[    0.004000] kvm-clock: cpu 1, msr 0:7ff44041, secondary cpu clock
[    0.131456] smp: Brought up 1 node, 2 CPUs
[    0.132002] smpboot: Max logical packages: 1
[    0.132407] smpboot: Total of 2 processors activated (11616.12 BogoMIPS)
[    0.133098] devtmpfs: initialized
[    0.133098] x86/mm: Memory block size: 128MB
[    0.133098] evm: security.selinux
[    0.133226] evm: security.SMACK64
[    0.133554] evm: security.SMACK64EXEC
[    0.133904] evm: security.SMACK64TRANSMUTE
[    0.134325] evm: security.SMACK64MMAP
[    0.136002] evm: security.apparmor
[    0.136366] evm: security.ima
[    0.136668] evm: security.capability
[    0.137056] clocksource: jiffies: mask: 0xffffffff max_cycles: 0xffffffff, max_idle_ns: 7645041785100000 ns
[    0.137056] futex hash table entries: 512 (order: 3, 32768 bytes)
[    0.137452] pinctrl core: initialized pinctrl subsystem
[    0.137998] RTC time: 21:04:33, date: 08/22/22
[    0.138513] NET: Registered protocol family 16
[    0.140040] audit: initializing netlink subsys (disabled)
[    0.140544] audit: type=2000 audit(1661202277.902:1): state=initialized audit_enabled=0 res=1
[    0.140803] cpuidle: using governor ladder
[    0.140803] cpuidle: using governor menu
[    0.140803] ACPI: bus type PCI registered
[    0.141171] acpiphp: ACPI Hot Plug PCI Controller Driver version: 0.5
[    0.141829] PCI: Using configuration type 1 for base access
[    0.144551] HugeTLB registered 2.00 MiB page size, pre-allocated 0 pages
[    0.144673] ACPI: Added _OSI(Module Device)
[    0.144673] ACPI: Added _OSI(Processor Device)
[    0.144901] ACPI: Added _OSI(3.0 _SCP Extensions)
[    0.145339] ACPI: Added _OSI(Processor Aggregator Device)
[    0.145822] ACPI: Added _OSI(Linux-Dell-Video)
[    0.148002] ACPI: Added _OSI(Linux-Lenovo-NV-HDMI-Audio)
[    0.148481] ACPI: Added _OSI(Linux-HPI-Hybrid-Graphics)
[    0.149112] ACPI: Executed 1 blocks of module-level executable AML code
[    0.151530] ACPI: Interpreter enabled
[    0.151929] ACPI: (supports S0 S5)
[    0.152001] ACPI: Using IOAPIC for interrupt routing
[    0.152617] PCI: Using host bridge windows from ACPI; if necessary, use "pci=nocrs" and report a bug
[    0.153517] ACPI: Enabled 2 GPEs in block 00 to 07
[    0.157385] ACPI: PCI Root Bridge [PCI0] (domain 0000 [bus 00-ff])
[    0.157978] acpi PNP0A03:00: _OSC: OS supports [ASPM ClockPM Segments MSI]
[    0.158846] acpi PNP0A03:00: _OSC: not requesting OS control; OS requires [ExtendedConfig ASPM ClockPM MSI]
[    0.159709] acpi PNP0A03:00: fail to add MMCONFIG information, can't access extended PCI configuration space under this bridge.
[    0.160196] PCI host bridge to bus 0000:00
[    0.160615] pci_bus 0000:00: root bus resource [io  0x0000-0x0cf7 window]
[    0.161214] pci_bus 0000:00: root bus resource [io  0x0d00-0xffff window]
[    0.161807] pci_bus 0000:00: root bus resource [mem 0x000a0000-0x000bffff window]
[    0.162836] pci_bus 0000:00: root bus resource [mem 0x80000000-0xfdffffff window]
[    0.164002] pci_bus 0000:00: root bus resource [bus 00-ff]
[    0.165468] pci 0000:00:01.1: legacy IDE quirk: reg 0x10: [io  0x01f0-0x01f7]
[    0.166066] pci 0000:00:01.1: legacy IDE quirk: reg 0x14: [io  0x03f6]
[    0.166657] pci 0000:00:01.1: legacy IDE quirk: reg 0x18: [io  0x0170-0x0177]
[    0.167252] pci 0000:00:01.1: legacy IDE quirk: reg 0x1c: [io  0x0376]
[    0.177490] pci 0000:00:07.0: quirk: [io  0x4000-0x403f] claimed by PIIX4 ACPI
[    0.178227] pci 0000:00:07.0: quirk: [io  0x4100-0x410f] claimed by PIIX4 SMB
[    0.184876] ACPI: PCI Interrupt Link [LNKA] (IRQs 5 9 10 *11)
[    0.185618] ACPI: PCI Interrupt Link [LNKB] (IRQs 5 9 *10 11)
[    0.186166] ACPI: PCI Interrupt Link [LNKC] (IRQs 5 *9 10 11)
[    0.186739] ACPI: PCI Interrupt Link [LNKD] (IRQs 5 9 10 *11)
[    0.187483] SCSI subsystem initialized
[    0.187890] pci 0000:00:02.0: vgaarb: setting as boot VGA device
[    0.187890] pci 0000:00:02.0: vgaarb: VGA device added: decodes=io+mem,owns=io+mem,locks=none
[    0.188010] pci 0000:00:02.0: vgaarb: bridge control possible
[    0.188529] vgaarb: loaded
[    0.188806] ACPI: bus type USB registered
[    0.189192] usbcore: registered new interface driver usbfs
[    0.189710] usbcore: registered new interface driver hub
[    0.190191] usbcore: registered new device driver usb
[    0.190681] EDAC MC: Ver: 3.0.0
[    0.192124] PCI: Using ACPI for IRQ routing
[    0.192596] NetLabel: Initializing
[    0.192936] NetLabel:  domain hash size = 128
[    0.193339] NetLabel:  protocols = UNLABELED CIPSOv4 CALIPSO
[    0.193931] NetLabel:  unlabeled traffic allowed by default
[    0.194481] clocksource: Switched to clocksource kvm-clock
[    0.198809] VFS: Disk quotas dquot_6.6.0
[    0.199243] VFS: Dquot-cache hash table entries: 512 (order 0, 4096 bytes)
[    0.199901] AppArmor: AppArmor Filesystem Enabled
[    0.200413] pnp: PnP ACPI init
[    0.201208] pnp: PnP ACPI: found 3 devices
[    0.208253] clocksource: acpi_pm: mask: 0xffffff max_cycles: 0xffffff, max_idle_ns: 2085701024 ns
[    0.209087] NET: Registered protocol family 2
[    0.209543] IP idents hash table entries: 32768 (order: 6, 262144 bytes)
[    0.210296] TCP established hash table entries: 16384 (order: 5, 131072 bytes)
[    0.210981] TCP bind hash table entries: 16384 (order: 6, 262144 bytes)
[    0.211929] TCP: Hash tables configured (established 16384 bind 16384)
[    0.212583] UDP hash table entries: 1024 (order: 3, 32768 bytes)
[    0.213100] UDP-Lite hash table entries: 1024 (order: 3, 32768 bytes)
[    0.213733] NET: Registered protocol family 1
[    0.214137] pci 0000:00:00.0: Limiting direct PCI/PCI transfers
[    0.214671] pci 0000:00:01.0: Activating ISA DMA hang workarounds
[    0.215228] pci 0000:00:02.0: Video device with shadowed ROM at [mem 0x000c0000-0x000dffff]
[    0.216014] Unpacking initramfs...
[    0.379433] Freeing initrd memory: 19528K
[    0.379903] clocksource: tsc: mask: 0xffffffffffffffff max_cycles: 0x29dc21b3c1a, max_idle_ns: 440795216028 ns
[    0.380827] platform rtc_cmos: registered platform RTC device (no PNP device found)
[    0.381570] Scanning for low memory corruption every 60 seconds
[    0.382485] Initialise system trusted keyrings
[    0.382891] Key type blacklist registered
[    0.383312] workingset: timestamp_bits=36 max_order=19 bucket_order=0
[    0.384712] zbud: loaded
[    0.385270] squashfs: version 4.0 (2009/01/31) Phillip Lougher
[    0.385889] fuse init (API version 7.26)
[    0.387116] Key type asymmetric registered
[    0.387549] Asymmetric key parser 'x509' registered
[    0.387981] Block layer SCSI generic (bsg) driver version 0.4 loaded (major 246)
[    0.388691] io scheduler noop registered
[    0.389045] io scheduler deadline registered
[    0.390016] io scheduler cfq registered (default)
[    0.390743] ACPI: AC Adapter [AC] (on-line)
[    0.391175] input: Power Button as /devices/LNXSYSTM:00/LNXPWRBN:00/input/input0
[    0.391867] ACPI: Power Button [PWRF]
[    0.392267] input: Sleep Button as /devices/LNXSYSTM:00/LNXSLPBN:00/input/input1
[    0.392931] ACPI: Sleep Button [SLPF]
[    0.393442] Serial: 8250/16550 driver, 32 ports, IRQ sharing enabled
[    0.414394] 00:02: ttyS0 at I/O 0x3f8 (irq = 4, base_baud = 115200) is a 16550A
[    0.416310] Linux agpgart interface v0.103
[    0.417388] loop: module loaded
[    0.417987] scsi host0: ata_piix
[    0.418387] scsi host1: ata_piix
[    0.418700] ata1: PATA max UDMA/33 cmd 0x1f0 ctl 0x3f6 bmdma 0xd000 irq 14
[    0.419271] ata2: PATA max UDMA/33 cmd 0x170 ctl 0x376 bmdma 0xd008 irq 15
[    0.419878] tun: Universal TUN/TAP device driver, 1.6
[    0.420389] PPP generic driver version 2.4.2
[    0.420796] ehci_hcd: USB 2.0 'Enhanced' Host Controller (EHCI) Driver
[    0.421373] ehci-pci: EHCI PCI platform driver
[    0.421768] ehci-platform: EHCI generic platform driver
[    0.422216] ohci_hcd: USB 1.1 'Open' Host Controller (OHCI) Driver
[    0.422764] ohci-pci: OHCI PCI platform driver
[    0.423155] ohci-platform: OHCI generic platform driver
[    0.423633] uhci_hcd: USB Universal Host Controller Interface driver
[    0.424256] i8042: PNP: PS/2 Controller [PNP0303:PS2K,PNP0f03:PS2M] at 0x60,0x64 irq 1,12
[    0.425388] serio: i8042 KBD port at 0x60,0x64 irq 1
[    0.425858] serio: i8042 AUX port at 0x60,0x64 irq 12
[    0.426395] mousedev: PS/2 mouse device common for all mice
[    0.427181] input: AT Translated Set 2 keyboard as /devices/platform/i8042/serio0/input/input2
[    0.428070] rtc_cmos rtc_cmos: rtc core: registered rtc_cmos as rtc0
[    0.428671] rtc_cmos rtc_cmos: alarms up to one day, 114 bytes nvram
[    0.429258] i2c /dev entries driver
[    0.429624] device-mapper: uevent: version 1.0.3
[    0.430092] device-mapper: ioctl: 4.37.0-ioctl (2017-09-20) initialised: dm-devel@redhat.com
[    0.430912] ledtrig-cpu: registered to indicate activity on CPUs
[    0.431625] NET: Registered protocol family 10
[    0.434082] Segment Routing with IPv6
[    0.434494] NET: Registered protocol family 17
[    0.434959] Key type dns_resolver registered
[    0.435479] mce: Using 0 MCE banks
[    0.435809] RAS: Correctable Errors collector initialized.
[    0.436348] sched_clock: Marking stable (436332925, 0)->(525543706, -89210781)
[    0.437243] registered taskstats version 1
[    0.437624] Loading compiled-in X.509 certificates
[    0.439297] Loaded X.509 cert 'Build time autogenerated kernel key: c22b55fccca0ab4a1b471e83eb5a5035df964114'
[    0.440863] Loaded X.509 cert 'Canonical Ltd. Live Patch Signing: 14df34d1a87cf37625abec039ef2bf521249b969'
[    0.442077] Loaded X.509 cert 'Canonical Ltd. Kernel Module Signing: 88f752e560a1e0737e31163a466ad7b70a850c19'
[    0.442969] blacklist: Loading compiled-in revocation X.509 certificates
[    0.443564] Loaded X.509 cert 'Canonical Ltd. Secure Boot Signing: 61482aa2830d0ab2ad5af10b7250da9033ddcef0'
[    0.444487] zswap: loaded using pool lzo/zbud
[    0.446731] Key type big_key registered
[    0.447128] Key type trusted registered
[    0.448418] Key type encrypted registered
[    0.448813] AppArmor: AppArmor sha1 policy hashing enabled
[    0.449318] ima: No TPM chip found, activating TPM-bypass! (rc=-19)
[    0.449855] ima: Allocated hash algorithm: sha1
[    0.450283] evm: HMAC attrs: 0x1
[    0.450729]   Magic number: 2:408:96
[    0.451164] rtc_cmos rtc_cmos: setting system clock to 2022-08-22 21:04:33 UTC (1661202273)
[    0.451997] BIOS EDD facility v0.16 2004-Jun-25, 0 devices found
[    0.452550] EDD information not available.
[    0.599460] Freeing unused kernel image memory: 2468K
[    0.612181] Write protecting the kernel read-only data: 20480k
[    0.613362] Freeing unused kernel image memory: 2008K
[    0.614051] Freeing unused kernel image memory: 1820K
[    0.617591] x86/mm: Checked W+X mappings: passed, no W+X pages found.
[    0.618174] x86/mm: Checking user space page tables
[    0.621595] x86/mm: Checked W+X mappings: passed, no W+X pages found.
Loading, please wait...
starting version 237
[    0.655395] Fusion MPT base driver 3.04.20
[    0.655859] Copyright (c) 1999-2008 LSI Corporation
[    0.658111] Fusion MPT SPI Host driver 3.04.20
[    0.658981] e1000: Intel(R) PRO/1000 Network Driver - version 7.3.21-k8-NAPI
[    0.659737] e1000: Copyright (c) 1999-2006 Intel Corporation.
[    0.665929] mptbase: ioc0: Initiating bringup
[    0.673338] AVX2 version of gcm_enc/dec engaged.
[    0.673857] AES CTR mode by8 optimization enabled
[    0.995985] input: ImExPS/2 Generic Explorer Mouse as /devices/platform/i8042/serio1/input/input4
[    0.997075] ioc0: LSI53C1030 A0: Capabilities={Initiator}
[    3.401432] scsi host2: ioc0: LSI53C1030 A0, FwRev=00000000h, Ports=1, MaxQ=256, IRQ=20
[    4.797194] scsi 2:0:0:0: Direct-Access     VBOX     HARDDISK         1.0  PQ: 0 ANSI: 5
[    4.828214] scsi target2:0:0: Beginning Domain Validation
[    4.829956] scsi target2:0:0: Domain Validation skipping write tests
[    4.830694] scsi target2:0:0: Ending Domain Validation
[    4.831225] scsi target2:0:0: asynchronous
[    4.831859] scsi 2:0:1:0: Direct-Access     VBOX     HARDDISK         1.0  PQ: 0 ANSI: 5
[    5.108164] scsi target2:0:1: Beginning Domain Validation
[    5.109668] random: fast init done
[    5.110061] scsi target2:0:1: Domain Validation skipping write tests
[    5.110644] scsi target2:0:1: Ending Domain Validation
[    5.111153] scsi target2:0:1: asynchronous
[    5.113130] random: systemd-udevd: uninitialized urandom read (16 bytes read)
[    5.113171] sd 2:0:0:0: [sda] 83886080 512-byte logical blocks: (42.9 GB/40.0 GiB)
[    5.113949] random: systemd-udevd: uninitialized urandom read (16 bytes read)
[    5.114680] sd 2:0:0:0: [sda] Write Protect is off
[    5.115310] random: systemd-udevd: uninitialized urandom read (16 bytes read)
[    5.116789] sd 2:0:0:0: Attached scsi generic sg0 type 0
[    5.117408] sd 2:0:0:0: [sda] Incomplete mode parameter data
[    5.117938] sd 2:0:0:0: [sda] Assuming drive cache: write through
[    5.118736] sd 2:0:1:0: Attached scsi generic sg1 type 0
[    5.119319] sd 2:0:1:0: [sdb] 20480 512-byte logical blocks: (10.5 MB/10.0 MiB)
[    5.119566]  sda: sda1
[    5.123743] sd 2:0:1:0: [sdb] Write Protect is off
[    5.124624] sd 2:0:0:0: [sda] Attached SCSI disk
[    5.128104] sd 2:0:1:0: [sdb] Incomplete mode parameter data
[    5.128796] sd 2:0:1:0: [sdb] Assuming drive cache: write through
[    5.131272] e1000 0000:00:03.0 eth0: (PCI:33MHz:32-bit) 02:dd:70:87:b9:65
[    5.131912] e1000 0000:00:03.0 eth0: Intel(R) PRO/1000 Network Connection
[    5.132144] sd 2:0:1:0: [sdb] Attached SCSI disk
[    5.470181] e1000 0000:00:08.0 eth1: (PCI:33MHz:32-bit) 08:00:27:2f:5f:63
[    5.470945] e1000 0000:00:08.0 eth1: Intel(R) PRO/1000 Network Connection
[    5.472136] e1000 0000:00:08.0 enp0s8: renamed from eth1
[    5.508383] e1000 0000:00:03.0 enp0s3: renamed from eth0
Begin: Loading essential drivers ... [    6.796139] raid6: sse2x1   gen() 23098 MB/s
[    6.850387] raid6: sse2x1   xor() 14214 MB/s
[    6.909036] raid6: sse2x2   gen() 34569 MB/s
[    6.956328] raid6: sse2x2   xor() 17846 MB/s
[    7.012252] raid6: sse2x4   gen() 32662 MB/s
[    7.064596] raid6: sse2x4   xor() 17856 MB/s
[    7.124652] raid6: avx2x1   gen() 52075 MB/s
[    7.172249] raid6: avx2x1   xor() 25518 MB/s
[    7.224115] raid6: avx2x2   gen() 56298 MB/s
[    7.280263] raid6: avx2x2   xor() 39609 MB/s
[    7.328219] raid6: avx2x4   gen() 50756 MB/s
[    7.380627] raid6: avx2x4   xor() 31327 MB/s
[    7.381184] raid6: using algorithm avx2x2 gen() 56298 MB/s
[    7.381705] raid6: .... xor() 39609 MB/s, rmw enabled
[    7.382166] raid6: using avx2x2 recovery algorithm
[    7.383416] xor: automatically using best checksumming function   avx       
[    7.384869] async_tx: api initialized (async)
done.
Begin: Running /scripts/init-premount ... done.
Begin: Mounting root file system ... Begin: Running /scripts/local-top ... done.
Begin: Running /scripts/local-premount ... [    7.411152] Btrfs loaded, crc32c=crc32c-intel
Scanning for Btrfs filesystems
done.
Warning: fsck not present, so skipping root file system
[    7.423092] EXT4-fs (sda1): mounted filesystem with ordered data mode. Opts: (null)
done.
Begin: Running /scripts/local-bottom ... done.
Begin: Running /scripts/init-bottom ... done.
[    7.549785] ip_tables: (C) 2000-2006 Netfilter Core Team
[    7.552994] systemd[1]: systemd 237 running in system mode. (+PAM +AUDIT +SELINUX +IMA +APPARMOR +SMACK +SYSVINIT +UTMP +LIBCRYPTSETUP +GCRYPT +GNUTLS +ACL +XZ +LZ4 +SECCOMP +BLKID +ELFUTILS +KMOD -IDN2 +IDN -PCRE2 default-hierarchy=hybrid)
[    7.555117] systemd[1]: Detected virtualization oracle.
[    7.555738] systemd[1]: Detected architecture x86-64.

Welcome to [1mUbuntu 18.04.6 LTS[0m!

[    7.566447] systemd[1]: Set hostname to <ubuntu>.
[    7.567641] systemd[1]: Initializing machine ID from random generator.
[    7.568419] systemd[1]: Installed transient /etc/machine-id file.
[    8.120366] systemd[1]: Reached target System Time Synchronized.
[[0;32m  OK  [0m] Reached target System Time Synchronized.
[    8.122318] systemd[1]: Created slice System Slice.
[[0;32m  OK  [0m] Created slice System Slice.
[    8.123177] systemd[1]: Listening on Journal Socket (/dev/log).
[[0;32m  OK  [0m] Listening on Journal Socket (/dev/log).
[    8.124189] systemd[1]: Listening on Network Service Netlink Socket.
[[0;32m  OK  [0m] Listening on Network Service Netlink Socket.
[[0;32m  OK  [0m] Listening on Device-mapper event daemon FIFOs.
[[0;32m  OK  [0m] Listening on Syslog Socket.
[[0;32m  OK  [0m] Listening on /dev/initctl Compatibility Named Pipe.
[[0;32m  OK  [0m] Reached target Swap.
[[0;32m  OK  [0m] Set up automount Arbitrary Executab…rmats File System Automount Point.
[[0;32m  OK  [0m] Listening on fsck to fsckd communication Socket.
[[0;32m  OK  [0m] Listening on udev Kernel Socket.
[[0;32m  OK  [0m] Created slice User and Session Slice.
[[0;32m  OK  [0m] Listening on udev Control Socket.
[[0;32m  OK  [0m] Created slice system-serial\x2dgetty.slice.
[[0;32m  OK  [0m] Reached target Slices.
[[0;32m  OK  [0m] Listening on Journal Socket.
         Mounting Huge Pages File System...
         Starting udev Coldplug all Devices...
         Mounting POSIX Message Queue File System...
         Starting Load Kernel Modules...
         Starting Uncomplicated firewall...
         Starting File System Check on Root Device...
[[0;32m  OK  [0m] Reached target User and Group Name Lookups.
[[0;32m  OK  [0m] Started Forward Password Requests to Wall Directory Watch.
[[0;32m  OK  [0m] Listening on LVM2 metadata daemon socket.
         Starting Monitoring of LVM2 mirrors…ng dmeventd or progress polling...
         Starting Create list of required st…ce nodes for the current kernel...
         Mounting Kernel Debug File System...
         Starting Set the console keyboard layout...
[[0;32m  OK  [0m] Listening on Journal Audit Socket.
         Starting Journal Service...
[[0;32m  OK  [0m] Listening on LVM2 poll daemon socket.
[[0;32m  OK  [0m] Mounted Huge Pages File System.
[[0;32m  OK  [0m] Mounted POSIX Message Queue File System.
[[0;32m  OK  [0m] Started Uncomplicated firewall.
[[0;32m  OK  [0m] Started Create list of required sta…vice nodes for the current kernel.
[[0;32m  OK  [0m] Mounted Kernel Debug File System.
[[0;32m  OK  [0m] Started File System Check Daemon to report status.
[[0;32m  OK  [0m] Started LVM2 metadata daemon.
         Starting Create Static Device Nodes in /dev...
[    8.458498] Loading iSCSI transport class v2.0-870.
[[0;32m  OK  [0m] Started Journal Service.
[[0;32m  OK  [0m] Started udev Coldplug all Devices.
[    8.463227] iscsi: registered transport (tcp)
[[0;32m  OK  [0m] Started File System Check on Root Device.
         Starting Remount Root and Kernel File Systems...
[[0;32m  OK  [0m] Started Create Static Device Nodes in /dev.
[    8.506440] iscsi: registered transport (iser)
[[0;32m  OK  [0m] Started Load Kernel Modules.
         Mounting Kernel Configuration File System...
         Starting Apply Kernel Variables...
         Mounting FUSE Control File System...
[[0;32m  OK  [0m] Started Monitoring of LVM2 mirrors,…sing dmeventd or progress polling.
[[0;32m  OK  [0m] Mounted FUSE Control File System.
[[0;32m  OK  [0m] Mounted Kernel Configuration File System.
[[0;32m  OK  [0m] Started Remount Root and Kernel File Systems.
         Starting Flush Journal to Persistent Storage...
         Starting Load/Save Random Seed...
         Starting udev Kernel Device Manager...
[[0;32m  OK  [0m] Started Apply Kernel Variables.
[[0;32m  OK  [0m] Started Set the console keyboard layout.
[[0;32m  OK  [0m] Reached target Local File Systems (Pre).
[[0;32m  OK  [0m] Reached target Local File Systems.
         Starting Commit a transient machine-id on disk...
         Starting Set console font and keymap...
         Starting AppArmor initialization...
         Starting Tell Plymouth To Write Out Runtime Data...
         Starting ebtables ruleset management...
[[0;32m  OK  [0m] Started Load/Save Random Seed.
[[0;32m  OK  [0m] Started udev Kernel Device Manager.
[[0;32m  OK  [0m] Started Dispatch Password Requests to Console Directory Watch.
[[0;32m  OK  [0m] Reached target Local Encrypted Volumes.
[[0;32m  OK  [0m] Started Tell Plymouth To Write Out Runtime Data.
[[0;32m  OK  [0m] Started Set console font and keymap.
[[0;32m  OK  [0m] Started Flush Journal to Persistent Storage.
         Starting Create Volatile Files and Directories...
[[0;32m  OK  [0m] Started Commit a transient machine-id on disk.
[[0;32m  OK  [0m] Started Create Volatile Files and Directories.
         Starting Update UTMP about System Boot/Shutdown...
[[0;32m  OK  [0m] Started ebtables ruleset management.
[[0;32m  OK  [0m] Started Update UTMP about System Boot/Shutdown.
[[0;32m  OK  [0m] Found device /dev/ttyS0.
[[0;32m  OK  [0m] Listening on Load/Save RF Kill Switch Status /dev/rfkill Watch.
[[0;32m  OK  [0m] Started AppArmor initialization.
         Starting Load AppArmor profiles managed internally by snapd...
         Starting Initial cloud-init job (pre-networking)...
[[0;32m  OK  [0m] Started Load AppArmor profiles managed internally by snapd.
[    9.729541] cloud-init[579]: Cloud-init v. 22.2-0ubuntu1~18.04.3 running 'init-local' at Mon, 22 Aug 2022 21:04:42 +0000. Up 9.54 seconds.
[[0;32m  OK  [0m] Started Initial cloud-init job (pre-networking).
[[0;32m  OK  [0m] Reached target Network (Pre).
         Starting Network Service...
[[0;32m  OK  [0m] Started Network Service.
         Starting Wait for Network to be Configured...
         Starting Network Name Resolution...
[[0;32m  OK  [0m] Started Network Name Resolution.
[[0;32m  OK  [0m] Reached target Network.
[[0;32m  OK  [0m] Reached target Host and Network Name Lookups.
[[0;32m  OK  [0m] Started Wait for Network to be Configured.
         Starting Initial cloud-init job (metadata service crawler)...
[   11.811543] cloud-init[696]: Cloud-init v. 22.2-0ubuntu1~18.04.3 running 'init' at Mon, 22 Aug 2022 21:04:44 +0000. Up 11.74 seconds.
[   11.812430] cloud-init[696]: ci-info: ++++++++++++++++++++++++++++++++++++++Net device info+++++++++++++++++++++++++++++++++++++++
[   11.813127] cloud-init[696]: ci-info: +--------+-------+----------------------------+---------------+--------+-------------------+
[   11.813901] cloud-init[696]: ci-info: | Device |   Up  |          Address           |      Mask     | Scope  |     Hw-Address    |
[   11.814645] cloud-init[696]: ci-info: +--------+-------+----------------------------+---------------+--------+-------------------+
[   11.815274] cloud-init[696]: ci-info: | enp0s3 |  True |         10.0.2.15          | 255.255.255.0 | global | 02:dd:70:87:b9:65 |
[   11.828173] cloud-init[696]: ci-info: | enp0s3 |  True | fe80::dd:70ff:fe87:b965/64 |       .       |  link  | 02:dd:70:87:b9:65 |
[   11.828810] cloud-init[696]: ci-info: | enp0s8 | False |             .              |       .       |   .    | 08:00:27:2f:5f:63 |
[   11.840380] cloud-init[696]: ci-info: |   lo   |  True |         127.0.0.1          |   255.0.0.0   |  host  |         .         |
[   11.841091] cloud-init[696]: ci-info: |   lo   |  True |          ::1/128           |       .       |  host  |         .         |
[   11.841793] cloud-init[696]: ci-info: +--------+-------+----------------------------+---------------+--------+-------------------+
[   11.856340] cloud-init[696]: ci-info: ++++++++++++++++++++++++++++Route IPv4 info+++++++++++++++++++++++++++++
[   11.857015] cloud-init[696]: ci-info: +-------+-------------+----------+-----------------+-----------+-------+
[   11.857706] cloud-init[696]: ci-info: | Route | Destination | Gateway  |     Genmask     | Interface | Flags |
[   11.858487] cloud-init[696]: ci-info: +-------+-------------+----------+-----------------+-----------+-------+
[   11.859135] cloud-init[696]: ci-info: |   0   |   0.0.0.0   | 10.0.2.2 |     0.0.0.0     |   enp0s3  |   UG  |
[   11.859900] cloud-init[696]: ci-info: |   1   |   10.0.2.0  | 0.0.0.0  |  255.255.255.0  |   enp0s3  |   U   |
[   11.860623] cloud-init[696]: ci-info: |   2   |   10.0.2.2  | 0.0.0.0  | 255.255.255.255 |   enp0s3  |   UH  |
[   11.861410] cloud-init[696]: ci-info: +-------+-------------+----------+-----------------+-----------+-------+
[   11.862151] cloud-init[696]: ci-info: +++++++++++++++++++Route IPv6 info+++++++++++++++++++
[   11.862812] cloud-init[696]: ci-info: +-------+-------------+---------+-----------+-------+
[   11.863471] cloud-init[696]: ci-info: | Route | Destination | Gateway | Interface | Flags |
[   11.864108] cloud-init[696]: ci-info: +-------+-------------+---------+-----------+-------+
[   11.864793] cloud-init[696]: ci-info: |   1   |  fe80::/64  |    ::   |   enp0s3  |   U   |
[   11.865454] cloud-init[696]: ci-info: |   3   |    local    |    ::   |   enp0s3  |   U   |
[   11.866105] cloud-init[696]: ci-info: |   4   |   ff00::/8  |    ::   |   enp0s3  |   U   |
[   11.866759] cloud-init[696]: ci-info: +-------+-------------+---------+-----------+-------+
[   12.767769] cloud-init[696]: Generating public/private rsa key pair.
[   12.768318] cloud-init[696]: Your identification has been saved in /etc/ssh/ssh_host_rsa_key.
[   12.768897] cloud-init[696]: Your public key has been saved in /etc/ssh/ssh_host_rsa_key.pub.
[   12.769631] cloud-init[696]: The key fingerprint is:
[   12.770320] cloud-init[696]: SHA256:nQpKjcNLWGrSbkwbDik06OnexT4KdnytcyE2kfks4JA root@ubuntu-bionic
[   12.770995] cloud-init[696]: The key's randomart image is:
[   12.771501] cloud-init[696]: +---[RSA 2048]----+
[   12.771865] cloud-init[696]: |                 |
[   12.772434] cloud-init[696]: |.                |
[   12.772850] cloud-init[696]: |.o. . o          |
[   12.773294] cloud-init[696]: |oEo* *   . .     |
[   12.773729] cloud-init[696]: |=oX B * S o      |
[   12.774126] cloud-init[696]: |oO.*.O.= .       |
[   12.774473] cloud-init[696]: | +*o+++.o        |
[   12.774835] cloud-init[696]: |o.+ +o..         |
[   12.775231] cloud-init[696]: | . o.o+          |
[   12.775631] cloud-init[696]: +----[SHA256]-----+
[   12.776079] cloud-init[696]: Generating public/private dsa key pair.
[   12.776566] cloud-init[696]: Your identification has been saved in /etc/ssh/ssh_host_dsa_key.
[   12.777165] cloud-init[696]: Your public key has been saved in /etc/ssh/ssh_host_dsa_key.pub.
[   12.777762] cloud-init[696]: The key fingerprint is:
[   12.778151] cloud-init[696]: SHA256:3Twm8fIhrVa6fGHmtceYIjkh9ubebMF2bjE4Ga31qK4 root@ubuntu-bionic
[   12.778763] cloud-init[696]: The key's randomart image is:
[   12.779138] cloud-init[696]: +---[DSA 1024]----+
[   12.779506] cloud-init[696]: |                 |
[   12.779841] cloud-init[696]: |                 |
[   12.780215] cloud-init[696]: |          .  .   |
[   12.780562] cloud-init[696]: |         . *. o  |
[   12.780915] cloud-init[696]: |        S =.X* o |
[   12.781276] cloud-init[696]: |        o .X%o* .|
[   12.781626] cloud-init[696]: |       . o+B.O B |
[   12.781972] cloud-init[696]: |         o*+* * o|
[   12.782371] cloud-init[696]: |         +EB+o . |
[   12.782719] cloud-init[696]: +----[SHA256]-----+
[   12.783058] cloud-init[696]: Generating public/private ecdsa key pair.
[   12.783481] cloud-init[696]: Your identification has been saved in /etc/ssh/ssh_host_ecdsa_key.
[   12.783991] cloud-init[696]: Your public key has been saved in /etc/ssh/ssh_host_ecdsa_key.pub.
[   12.784542] cloud-init[696]: The key fingerprint is:
[   12.784897] cloud-init[696]: SHA256:AT9btqj7wCHInGb/AAADnndE2IsEzQEm1HyAKTjsn3c root@ubuntu-bionic
[   12.785428] cloud-init[696]: The key's randomart image is:
[   12.785797] cloud-init[696]: +---[ECDSA 256]---+
[   12.786144] cloud-init[696]: |X=Xo*o.          |
[   12.786470] cloud-init[696]: |O=.B.o o         |
[   12.786825] cloud-init[696]: |++..o.. + o      |
[   12.787223] cloud-init[696]: | =.+..   B .     |
[   12.787630] cloud-init[696]: |  X o . S .      |
[   12.788052] cloud-init[696]: | o = + E         |
[   12.788387] cloud-init[696]: |    + =          |
[   12.788774] cloud-init[696]: |     o o         |
[   12.789149] cloud-init[696]: |      o..        |
[   12.789532] cloud-init[696]: +----[SHA256]-----+
[   12.789904] cloud-init[696]: Generating public/private ed25519 key pair.
[   12.790361] cloud-init[696]: Your identification has been saved in /etc/ssh/ssh_host_ed25519_key.
[   12.790965] cloud-init[696]: Your public key has been saved in /etc/ssh/ssh_host_ed25519_key.pub.
[   12.791589] cloud-init[696]: The key fingerprint is:
[   12.792005] cloud-init[696]: SHA256:+MvpoqnQJlJke3ZMuK2z1WxOQ8gRUg3TIFrLLUGa6jo root@ubuntu-bionic
[   12.792655] cloud-init[696]: The key's randomart image is:
[   12.793064] cloud-init[696]: +--[ED25519 256]--+
[   12.793560] cloud-init[696]: |   .*.*=         |
[   12.793894] cloud-init[696]: |   * B oo        |
[   12.794291] cloud-init[696]: |  * = +          |
[   12.794657] cloud-init[696]: | + . B +         |
[   12.795006] cloud-init[696]: |. o + B S        |
[   12.795353] cloud-init[696]: |.o o o =         |
[   12.795695] cloud-init[696]: |+.o o . B        |
[   12.796031] cloud-init[696]: |E+   =.= +       |
[   12.796429] cloud-init[696]: |....+. o*        |
[   12.796779] cloud-init[696]: +----[SHA256]-----+
[[0;32m  OK  [0m] Started Initial cloud-init job (metadata service crawler).
[[0;32m  OK  [0m] Reached target Network is Online.
[[0;32m  OK  [0m] Reached target Remote File Systems (Pre).
[[0;32m  OK  [0m] Reached target Remote File Systems.
         Starting Availability of block devices...
[[0;32m  OK  [0m] Reached target Cloud-config availability.
[[0;32m  OK  [0m] Reached target System Initialization.
[[0;32m  OK  [0m] Listening on Open-iSCSI iscsid Socket.
[[0;32m  OK  [0m] Started Ubuntu Advantage Timer for running repeated jobs.
[[0;32m  OK  [0m] Started Daily apt download activities.
[[0;32m  OK  [0m] Listening on ACPID Listen Socket.
[[0;32m  OK  [0m] Listening on UUID daemon activation socket.
         Starting LXD - unix socket.
         Starting Socket activation for snappy daemon.
[[0;32m  OK  [0m] Started ACPI Events Check.
[[0;32m  OK  [0m] Started Discard unused blocks once a week.
[[0;32m  OK  [0m] Started Message of the Day.
[[0;32m  OK  [0m] Started Daily apt upgrade and clean activities.
[[0;32m  OK  [0m] Started Daily Cleanup of Temporary Directories.
[[0;32m  OK  [0m] Reached target Timers.
[[0;32m  OK  [0m] Listening on D-Bus System Message Bus Socket.
[[0;32m  OK  [0m] Listening on cloud-init hotplug hook socket.
[[0;32m  OK  [0m] Reached target Paths.
[[0;32m  OK  [0m] Listening on LXD - unix socket.
[[0;32m  OK  [0m] Listening on Socket activation for snappy daemon.
[[0;32m  OK  [0m] Reached target Sockets.
[[0;32m  OK  [0m] Reached target Basic System.
[[0;32m  OK  [0m] Started irqbalance daemon.
         Starting Pollinate to seed the pseudo random number generator...
[[0;32m  OK  [0m] Started FUSE filesystem for LXC.
         Starting Accounts Service...
         Starting LSB: automatic crash report generation...
         Starting Virtualbox guest utils...
         Starting Login Service...
         Starting LSB: Record successful boot for GRUB...
         Starting Dispatcher daemon for systemd-networkd...
         Starting LXD - container startup/shutdown...
[[0;32m  OK  [0m] Started D-Bus System Message Bus.
         Starting System Logging Service...
[[0;32m  OK  [0m] Started Regular background program processing daemon.
[[0;32m  OK  [0m] Started Deferred execution scheduler.
         Starting Permit User Sessions...
         Starting Snap Daemon...
[[0;32m  OK  [0m] Started Availability of block devices.
[[0;32m  OK  [0m] Started Login Service.
[[0;32m  OK  [0m] Started Unattended Upgrades Shutdown.
[[0;32m  OK  [0m] Started System Logging Service.
[[0;32m  OK  [0m] Started Permit User Sessions.
         Starting Terminate Plymouth Boot Screen...
         Starting Hold until boot process finishes up...
         Starting Authorization Manager...
[[0;32m  OK  [0m] Started Hold until boot process finishes up.
         Starting Set console scheme...
[[0;32m  OK  [0m] Started Serial Getty on ttyS0.
[[0;32m  OK  [0m] Started Terminate Plymouth Boot Screen.
[[0;32m  OK  [0m] Started LSB: automatic crash report generation.
[[0;32m  OK  [0m] Started LXD - container startup/shutdown.
[[0;32m  OK  [0m] Started Set console scheme.
[[0;32m  OK  [0m] Started LSB: Record successful boot for GRUB.
[[0;32m  OK  [0m] Created slice system-getty.slice.
[[0;32m  OK  [0m] Started Getty on tty1.
[[0;32m  OK  [0m] Reached target Login Prompts.
[[0;32m  OK  [0m] Started Virtualbox guest utils.
[[0;32m  OK  [0m] Started Authorization Manager.
[[0;32m  OK  [0m] Started Accounts Service.
[[0;32m  OK  [0m] Started Dispatcher daemon for systemd-networkd.
[[0;32m  OK  [0m] Started Snap Daemon.
         Starting Wait until snapd is fully seeded...
         Starting Time & Date Service...
[[0;32m  OK  [0m] Started Time & Date Service.
[[0;32m  OK  [0m] Started Pollinate to seed the pseudo random number generator.
         Starting OpenBSD Secure Shell server...
[[0;32m  OK  [0m] Started OpenBSD Secure Shell server.
[[0;32m  OK  [0m] Created slice User Slice of vagrant.
         Starting User Manager for UID 1000...
[[0;32m  OK  [0m] Started Session 1 of user vagrant.
[[0;32m  OK  [0m] Started User Manager for UID 1000.
[[0;32m  OK  [0m] Started Wait until snapd is fully seeded.
         Starting Apply the settings specified in cloud-config...
[   16.313428] cloud-init[1404]: Cloud-init v. 22.2-0ubuntu1~18.04.3 running 'modules:config' at Mon, 22 Aug 2022 21:04:49 +0000. Up 16.09 seconds.
[[0;32m  OK  [0m] Started Apply the settings specified in cloud-config.
[[0;32m  OK  [0m] Reached target Multi-User System.
         Starting Execute cloud user/final scripts...
[[0;32m  OK  [0m] Reached target Graphical Interface.
         Starting Update UTMP about System Runlevel Changes...
[[0;32m  OK  [0m] Started Update UTMP about System Runlevel Changes.
ci-info: no authorized SSH keys fingerprints found for user ubuntu.
<14>Aug 22 21:04:49 cloud-init: #############################################################
<14>Aug 22 21:04:49 cloud-init: -----BEGIN SSH HOST KEY FINGERPRINTS-----
<14>Aug 22 21:04:49 cloud-init: 1024 SHA256:3Twm8fIhrVa6fGHmtceYIjkh9ubebMF2bjE4Ga31qK4 root@ubuntu-bionic (DSA)
<14>Aug 22 21:04:49 cloud-init: 256 SHA256:AT9btqj7wCHInGb/AAADnndE2IsEzQEm1HyAKTjsn3c root@ubuntu-bionic (ECDSA)
<14>Aug 22 21:04:49 cloud-init: 256 SHA256:+MvpoqnQJlJke3ZMuK2z1WxOQ8gRUg3TIFrLLUGa6jo root@ubuntu-bionic (ED25519)
<14>Aug 22 21:04:49 cloud-init: 2048 SHA256:nQpKjcNLWGrSbkwbDik06OnexT4KdnytcyE2kfks4JA root@ubuntu-bionic (RSA)
<14>Aug 22 21:04:49 cloud-init: -----END SSH HOST KEY FINGERPRINTS-----
<14>Aug 22 21:04:49 cloud-init: #############################################################
-----BEGIN SSH HOST KEY KEYS-----
ecdsa-sha2-nistp256 AAAAE2VjZHNhLXNoYTItbmlzdHAyNTYAAAAIbmlzdHAyNTYAAABBBASvtoC2yigssC9q8DUO9O0w71pffQ9gaWR5Gj9X0gIVFS0HKBF89coYhgtwFBnPQxhigWJTuYMMk1+iQ0hV1Gg= root@ubuntu-bionic
ssh-ed25519 AAAAC3NzaC1lZDI1NTE5AAAAIKoiqw47fih6O+ELCShVZZoW49LB4NBa6G9HgJWwZgr2 root@ubuntu-bionic
ssh-rsa AAAAB3NzaC1yc2EAAAADAQABAAABAQDC6qIJB5RYsHr1nhf5yHr1U7Wa17TDeRpQdugwI0YjHM4HsZO12lHsLm5VHA5nyng1GQjszLW/KEifMsJapCmZ7pR1bewMqvh6zFX5iw/VaEwN666978bBWHzUjxSiBaCBdtaEsqCo3dA5cpmqY90s1odW+JOk3yPctrtP5AVROaPdBdQYic+22J3gcv79Zh2zycP44xdUwPPseVdXUW5GhXWYwW5LWnnQBlvePulunCS7EpicsMaAwCler1Rk5r/8ITcyNeuZCfGYI8mD/QXCcaZpob2dowUR7j2zS7L7YGMS9V3hMiHmVn5ULBWnX9tAfkshSxzbtDneOpFKQMax root@ubuntu-bionic
-----END SSH HOST KEY KEYS-----
[   16.662715] cloud-init[1481]: Cloud-init v. 22.2-0ubuntu1~18.04.3 running 'modules:final' at Mon, 22 Aug 2022 21:04:49 +0000. Up 16.54 seconds.
[   16.663507] cloud-init[1481]: Cloud-init v. 22.2-0ubuntu1~18.04.3 finished at Mon, 22 Aug 2022 21:04:49 +0000. Datasource DataSourceNoCloud [seed=/dev/sdb][dsmode=net].  Up 16.65 seconds
[[0;32m  OK  [0m] Started Execute cloud user/final scripts.
[[0;32m  OK  [0m] Reached target Cloud-init target.

Ubuntu 18.04.6 LTS ubuntu-bionic ttyS0

ubuntu-bionic login: 